0 info it worked if it ends with ok
1 verbose cli [ 'C:\\Program Files\\nodejs\\node.exe',
1 verbose cli   'C:\\Program Files\\nodejs\\node_modules\\npm\\bin\\npm-cli.js',
1 verbose cli   'start' ]
2 info using npm@3.10.10
3 info using node@v7.3.0
4 verbose run-script [ 'prestart', 'start', 'poststart' ]
5 info lifecycle verification@1.0.0~prestart: verification@1.0.0
6 silly lifecycle verification@1.0.0~prestart: no script for prestart, continuing
7 info lifecycle verification@1.0.0~start: verification@1.0.0
8 verbose lifecycle verification@1.0.0~start: unsafe-perm in lifecycle true
9 verbose lifecycle verification@1.0.0~start: PATH: C:\Program Files\nodejs\node_modules\npm\bin\node-gyp-bin;C:\Users\593607\Desktop\sceva mfrp\mfrp\node_modules\.bin;C:\ProgramData\Oracle\Java\javapath;D:\DevSuiteHome_1\jdk\jre\bin\client;D:\DevSuiteHome_1\jlib;D:\DevSuiteHome_1\bin;D:\DevSuiteHome_1\jre\1.4.2\bin\client;D:\DevSuiteHome_1\jre\1.4.2\bin;D:\DevSuiteHome_1\jdk\jre\bin\classic;D:\DevSuiteHome_1\jdk\jre\bin;D:\OraHome_1\bin;C:\Informatica\9.5.1\clients\DT\bin;C:\Informatica\9.5.1\clients\tools\datadirect;C:\Informatica\9.5.1\clients\tools\odbcdrv;D:\app\Unameit\product\11.2.0\client_1\bin;C:\windows\system32;C:\windows;C:\windows\System32\Wbem;C:\windows\System32\WindowsPowerShell\v1.0\;C:\Program Files\Microsoft Application Virtualization Client;C:\Program Files\MySQL\MySQL Server 5.5\bin;C:\Program Files\Java\jdk1.8.0_31\bin;C:\Program Files\TortoiseSVN\bin;C:\Program Files\IBM\gsk7\bin;C:\Program Files\IBM\Trace Facility\;C:\Program Files\IBM\gsk7\bin;C:\Program Files\IBM\Personal Communications\;C:\Program Files\nodejs\;C:\Program Files\MongoDB\Server\3.2\bin
10 verbose lifecycle verification@1.0.0~start: CWD: C:\Users\593607\Desktop\sceva mfrp\mfrp
11 silly lifecycle verification@1.0.0~start: Args: [ '/d /s /c', 'node server.js' ]
12 verbose stack Error: kill ENOSYS
12 verbose stack     at exports._errnoException (util.js:1022:11)
12 verbose stack     at process.kill (internal/process.js:173:13)
12 verbose stack     at process.listener (C:\Program Files\nodejs\node_modules\npm\node_modules\npmlog\node_modules\gauge\node_modules\signal-exit\index.js:86:15)
12 verbose stack     at emitNone (events.js:91:20)
12 verbose stack     at process.emit (events.js:185:7)
12 verbose stack     at processEmit (C:\Program Files\nodejs\node_modules\npm\node_modules\npmlog\node_modules\gauge\node_modules\signal-exit\index.js:146:32)
12 verbose stack     at processEmit (C:\Program Files\nodejs\node_modules\npm\node_modules\npm-registry-client\node_modules\npmlog\node_modules\gauge\node_modules\signal-exit\index.js:146:32)
12 verbose stack     at Signal.wrap.onsignal (internal/process.js:200:44)
13 verbose cwd C:\Users\593607\Desktop\sceva mfrp\mfrp
14 error Windows_NT 6.1.7601
15 error argv "C:\\Program Files\\nodejs\\node.exe" "C:\\Program Files\\nodejs\\node_modules\\npm\\bin\\npm-cli.js" "start"
16 error node v7.3.0
17 error npm  v3.10.10
18 error code ENOSYS
19 error errno ENOSYS
20 error syscall kill
21 error kill ENOSYS
22 error If you need help, you may report this error at:
22 error     <https://github.com/npm/npm/issues>
23 verbose exit [ 1, true ]
